Determining if the pthread_create exist failed with the following output:
Change Dir: /home/ljh/Documents/infantry/build/CMakeFiles/CMakeTmp

Run Build Command:"/usr/bin/make" "cmTC_d5a9c/fast"
/usr/bin/make -f CMakeFiles/cmTC_d5a9c.dir/build.make CMakeFiles/cmTC_d5a9c.dir/build
make[1]: Entering directory '/home/ljh/Documents/infantry/build/CMakeFiles/CMakeTmp'
Building C object CMakeFiles/cmTC_d5a9c.dir/CheckSymbolExists.c.o
/usr/bin/cc   -fPIC    -o CMakeFiles/cmTC_d5a9c.dir/CheckSymbolExists.c.o   -c /home/ljh/Documents/infantry/build/CMakeFiles/CMakeTmp/CheckSymbolExists.c
Linking C executable cmTC_d5a9c
/usr/bin/cmake -E cmake_link_script CMakeFiles/cmTC_d5a9c.dir/link.txt --verbose=1
/usr/bin/cc -fPIC     -rdynamic CMakeFiles/cmTC_d5a9c.dir/CheckSymbolExists.c.o  -o cmTC_d5a9c 
CMakeFiles/cmTC_d5a9c.dir/CheckSymbolExists.c.o: In function `main':
CheckSymbolExists.c:(.text+0x14): undefined reference to `pthread_create'
CheckSymbolExists.c:(.text+0x18): undefined reference to `pthread_create'
collect2: error: ld returned 1 exit status
CMakeFiles/cmTC_d5a9c.dir/build.make:97: recipe for target 'cmTC_d5a9c' failed
make[1]: *** [cmTC_d5a9c] Error 1
make[1]: Leaving directory '/home/ljh/Documents/infantry/build/CMakeFiles/CMakeTmp'
Makefile:126: recipe for target 'cmTC_d5a9c/fast' failed
make: *** [cmTC_d5a9c/fast] Error 2

File /home/ljh/Documents/infantry/build/CMakeFiles/CMakeTmp/CheckSymbolExists.c:
/* */
#include <pthread.h>

int main(int argc, char** argv)
{
  (void)argv;
#ifndef pthread_create
  return ((int*)(&pthread_create))[argc];
#else
  (void)argc;
  return 0;
#endif
}

Determining if the function pthread_create exists in the pthreads failed with the following output:
Change Dir: /home/ljh/Documents/infantry/build/CMakeFiles/CMakeTmp

Run Build Command:"/usr/bin/make" "cmTC_23609/fast"
/usr/bin/make -f CMakeFiles/cmTC_23609.dir/build.make CMakeFiles/cmTC_23609.dir/build
make[1]: Entering directory '/home/ljh/Documents/infantry/build/CMakeFiles/CMakeTmp'
Building C object CMakeFiles/cmTC_23609.dir/CheckFunctionExists.c.o
/usr/bin/cc   -fPIC -DCHECK_FUNCTION_EXISTS=pthread_create   -o CMakeFiles/cmTC_23609.dir/CheckFunctionExists.c.o   -c /usr/share/cmake-3.10/Modules/CheckFunctionExists.c
Linking C executable cmTC_23609
/usr/bin/cmake -E cmake_link_script CMakeFiles/cmTC_23609.dir/link.txt --verbose=1
/usr/bin/cc -fPIC -DCHECK_FUNCTION_EXISTS=pthread_create    -rdynamic CMakeFiles/cmTC_23609.dir/CheckFunctionExists.c.o  -o cmTC_23609 -lpthreads 
/usr/bin/ld: cannot find -lpthreads
collect2: error: ld returned 1 exit status
CMakeFiles/cmTC_23609.dir/build.make:97: recipe for target 'cmTC_23609' failed
make[1]: *** [cmTC_23609] Error 1
make[1]: Leaving directory '/home/ljh/Documents/infantry/build/CMakeFiles/CMakeTmp'
Makefile:126: recipe for target 'cmTC_23609/fast' failed
make: *** [cmTC_23609/fast] Error 2


